d:\trash\яп2\lp_lab16\lplab16\debug\lplab16.pch
d:\trash\яп2\lp_lab16\lplab16\debug\vc141.pdb
d:\trash\яп2\lp_lab16\lplab16\debug\vc141.idb
d:\trash\яп2\lp_lab16\lplab16\debug\stdafx.obj
d:\trash\яп2\lp_lab16\lplab16\debug\pn.obj
d:\trash\яп2\lp_lab16\lplab16\debug\parm.obj
d:\trash\яп2\lp_lab16\lplab16\debug\mfst.obj
d:\trash\яп2\lp_lab16\lplab16\debug\lt.obj
d:\trash\яп2\lp_lab16\lplab16\debug\lplab16.obj
d:\trash\яп2\lp_lab16\lplab16\debug\log.obj
d:\trash\яп2\lp_lab16\lplab16\debug\lexanalys.obj
d:\trash\яп2\lp_lab16\lplab16\debug\it.obj
d:\trash\яп2\lp_lab16\lplab16\debug\in.obj
d:\trash\яп2\lp_lab16\lplab16\debug\greibach.obj
d:\trash\яп2\lp_lab16\lplab16\debug\fst.obj
d:\trash\яп2\lp_lab16\lplab16\debug\error.obj
d:\trash\кп\lp_lab16\lplab16\debug\vc141.pdb
d:\trash\кп\lp_lab16\lplab16\debug\vc141.idb
d:\trash\кп\lp_lab16\lplab16\debug\pn.obj
d:\trash\кп\lp_lab16\lplab16\debug\parm.obj
d:\trash\кп\lp_lab16\lplab16\debug\mfst.obj
d:\trash\кп\lp_lab16\lplab16\debug\lt.obj
d:\trash\кп\lp_lab16\lplab16\debug\lplab16.obj
d:\trash\кп\lp_lab16\lplab16\debug\log.obj
d:\trash\кп\lp_lab16\lplab16\debug\it.obj
d:\trash\кп\lp_lab16\lplab16\debug\in.obj
d:\trash\кп\lp_lab16\lplab16\debug\greibach.obj
d:\trash\кп\lp_lab16\lplab16\debug\fst.obj
d:\trash\кп\lp_lab16\lplab16\debug\error.obj
d:\trash\кп\lp_lab16\lplab16\debug\lplab16.pch
d:\trash\кп\lp_lab16\lplab16\debug\stdafx.obj
d:\trash\кп\lp_lab16\lplab16\debug\lexanalys.obj
d:\trash\яп2\lp_lab16\debug\lplab16.ilk
d:\trash\яп2\lp_lab16\debug\lplab16.exe
d:\trash\яп2\lp_lab16\debug\lplab16.pdb
d:\trash\кп\lp_lab16\debug\lplab16.exe
d:\trash\кп\lp_lab16\debug\lplab16.ilk
d:\trash\кп\lp_lab16\debug\lplab16.pdb
d:\trash\кп\lp_lab16\lplab16\debug\mfst.obj.enc
d:\trash\кп\lp_lab16\lplab16\debug\vc142.idb
d:\trash\кп\lp_lab16\lplab16\debug\vc142.pdb
d:\trash\кп\lp_lab16\lplab16\debug\lplab16.tlog\cl.command.1.tlog
d:\trash\кп\lp_lab16\lplab16\debug\lplab16.tlog\cl.read.1.tlog
d:\trash\кп\lp_lab16\lplab16\debug\lplab16.tlog\cl.write.1.tlog
d:\trash\кп\lp_lab16\lplab16\debug\lplab16.tlog\link.command.1.tlog
d:\trash\кп\lp_lab16\lplab16\debug\lplab16.tlog\link.read.1.tlog
d:\trash\кп\lp_lab16\lplab16\debug\lplab16.tlog\link.write.1.tlog
