Сборка начата 08.12.2019 21:37:29.
     1>Проект "D:\Trash\КП\LP_Lab16\LPLab16\LPLab16.vcxproj" в узле 2 (целевые объекты Build).
     1>InitializeBuildStatus:
         Создание "Debug\LPLab16.tlog\unsuccessfulbuild", так как было задано "AlwaysCreate".
       ClCompile:
         C:\Program Files (x86)\Microsoft Visual Studio\2017\Community\VC\Tools\MSVC\14.16.27023\bin\HostX86\x86\CL.exe /c /ZI /JMC /nologo /W3 /WX- /diagnostics:classic /sdl /Od /Oy- /D WIN32 /D _DEBUG /D _CONSOLE /D _UNICODE /D UNICODE /Gm- /EHsc /RTC1 /MDd /GS /fp:precise /Zc:wchar_t /Zc:forScope /Zc:inline /Yc"stdafx.h" /Fp"Debug\LPLab16.pch" /Fo"Debug\\" /Fd"Debug\vc141.pdb" /Gd /TP /analyze- /FC /errorReport:prompt stdafx.cpp
         stdafx.cpp
         C:\Program Files (x86)\Microsoft Visual Studio\2017\Community\VC\Tools\MSVC\14.16.27023\bin\HostX86\x86\CL.exe /c /ZI /JMC /nologo /W3 /WX- /diagnostics:classic /sdl /Od /Oy- /D WIN32 /D _DEBUG /D _CONSOLE /D _UNICODE /D UNICODE /Gm- /EHsc /RTC1 /MDd /GS /fp:precise /Zc:wchar_t /Zc:forScope /Zc:inline /Yu"stdafx.h" /Fp"Debug\LPLab16.pch" /Fo"Debug\\" /Fd"Debug\vc141.pdb" /Gd /TP /analyze- /FC /errorReport:prompt Error.cpp FST.cpp Greibach.cpp IT.cpp In.cpp LPLab16.cpp LT.cpp LexAnalys.cpp Log.cpp MFST.cpp PN.cpp Parm.cpp
         Error.cpp
         FST.cpp
     1>d:\trash\кп\lp_lab16\lplab16\fst.cpp(76): warning C4018: <: несоответствие типов со знаком и без знака
         Greibach.cpp
         IT.cpp
         In.cpp
         LPLab16.cpp
         LT.cpp
         LexAnalys.cpp
         Log.cpp
         MFST.cpp
     1>d:\trash\кп\lp_lab16\lplab16\mfst.cpp(216): warning C4267: =: преобразование из "size_t" в "short"; возможна потеря данных
         PN.cpp
         Parm.cpp
         Создание кода...
     1>d:\trash\кп\lp_lab16\lplab16\lexanalys.cpp(305): warning C4715: LeX::INITLEX: значение возвращается не при всех путях выполнения
       Link:
         C:\Program Files (x86)\Microsoft Visual Studio\2017\Community\VC\Tools\MSVC\14.16.27023\bin\HostX86\x86\link.exe /ERRORREPORT:PROMPT /OUT:"D:\Trash\КП\LP_Lab16\Debug\LPLab16.exe" /INCREMENTAL /NOLOGO kernel32.lib user32.lib gdi32.lib winspool.lib comdlg32.lib advapi32.lib shell32.lib ole32.lib oleaut32.lib uuid.lib odbc32.lib odbccp32.lib /MANIFEST /MANIFESTUAC:"level='asInvoker' uiAccess='false'" /manifest:embed /DEBUG:FASTLINK /PDB:"D:\Trash\КП\LP_Lab16\Debug\LPLab16.pdb" /SUBSYSTEM:CONSOLE /TLBID:1 /DYNAMICBASE /NXCOMPAT /IMPLIB:"D:\Trash\КП\LP_Lab16\Debug\LPLab16.lib" /MACHINE:X86 Debug\Error.obj
         Debug\FST.obj
         Debug\Greibach.obj
         Debug\In.obj
         Debug\IT.obj
         Debug\LexAnalys.obj
         Debug\Log.obj
         Debug\LPLab16.obj
         Debug\LT.obj
         Debug\MFST.obj
         Debug\Parm.obj
         Debug\PN.obj
         Debug\stdafx.obj
         LPLab16.vcxproj -> D:\Trash\КП\LP_Lab16\Debug\LPLab16.exe
       FinalizeBuildStatus:
         Файл "Debug\LPLab16.tlog\unsuccessfulbuild" удаляется.
         Обращение к "Debug\LPLab16.tlog\LPLab16.lastbuildstate".
     1>Сборка проекта "D:\Trash\КП\LP_Lab16\LPLab16\LPLab16.vcxproj" завершена (целевые объекты Build).

Сборка успешно завершена.

       "D:\Trash\КП\LP_Lab16\LPLab16\LPLab16.vcxproj" (целевой объект Build ) (1) ->
       (ClCompile конечный объект) -> 
         d:\trash\кп\lp_lab16\lplab16\fst.cpp(76): warning C4018: <: несоответствие типов со знаком и без знака
         d:\trash\кп\lp_lab16\lplab16\mfst.cpp(216): warning C4267: =: преобразование из "size_t" в "short"; возможна потеря данных
         d:\trash\кп\lp_lab16\lplab16\lexanalys.cpp(305): warning C4715: LeX::INITLEX: значение возвращается не при всех путях выполнения

    Предупреждений: 3
    Ошибок: 0

Прошло времени 00:00:04.00
